#
# There is insufficient memory for the Java Runtime Environment to continue.
# Native memory allocation (mmap) failed to map 65536 bytes for Failed to commit metaspace.
# Possible reasons:
#   The system is out of physical RAM or swap space
#   The process is running with CompressedOops enabled, and the Java Heap may be blocking the growth of the native heap
# Possible solutions:
#   Reduce memory load on the system
#   Increase physical memory or swap space
#   Check if swap backing store is full
#   Decrease Java heap size (-Xmx/-Xms)
#   Decrease number of Java threads
#   Decrease Java thread stack sizes (-Xss)
#   Set larger code cache with -XX:ReservedCodeCacheSize=
#   JVM is running with Unscaled Compressed Oops mode in which the Java heap is
#     placed in the first 4GB address space. The Java Heap base address is the
#     maximum limit for the native heap growth. Please use -XX:HeapBaseMinAddress
#     to set the Java Heap base and to place the Java Heap above 4GB virtual address.
# This output file may be truncated or incomplete.
#
#  Out of Memory Error (virtualSpaceNode.cpp:110), pid=14152, tid=12120
#
# JRE version: Java(TM) SE Runtime Environment (18.0.2+9) (build 18.0.2+9-61)
# Java VM: Java HotSpot(TM) 64-Bit Server VM (18.0.2+9-61, mixed mode, emulated-client, sharing, tiered, compressed oops, compressed class ptrs, g1 gc, windows-amd64)
# No core dump will be written. Minidumps are not enabled by default on client versions of Windows
#

---------------  S U M M A R Y ------------

Command Line: -XX:TieredStopAtLevel=1 -Xverify:none -Dspring.output.ansi.enabled=always -Dcom.sun.management.jmxremote -Dspring.jmx.enabled=true -Dspring.liveBeansView.mbeanDomain -Dspring.application.admin.enabled=true -javaagent:C:\Program Files\JetBrains\IntelliJ IDEA 2022.1\lib\idea_rt.jar=4164:C:\Program Files\JetBrains\IntelliJ IDEA 2022.1\bin -Dfile.encoding=UTF-8 com.example.forumproject.ForumProjectApplication

Host: Intel(R) Pentium(R) CPU 4417U @ 2.30GHz, 4 cores, 7G,  Windows 10 , 64 bit Build 19041 (10.0.19041.1889)
Time: Tue Oct 18 20:00:15 2022  Windows 10 , 64 bit Build 19041 (10.0.19041.1889) elapsed time: 20.623780 seconds (0d 0h 0m 20s)

---------------  T H R E A D  ---------------

Current thread (0x0000024f95711060):  JavaThread "main" [_thread_in_vm, id=12120, stack(0x000000b84af00000,0x000000b84b000000)]

Stack: [0x000000b84af00000,0x000000b84b000000]
Native frames: (J=compiled Java code, j=interpreted, Vv=VM code, C=native code)
V  [jvm.dll+0x6993ca]
V  [jvm.dll+0x7f481d]
V  [jvm.dll+0x7f612e]
V  [jvm.dll+0x7f67e3]
V  [jvm.dll+0x25cdaf]
V  [jvm.dll+0x7f052b]
V  [jvm.dll+0x63f546]
V  [jvm.dll+0x1d741e]
V  [jvm.dll+0x641eeb]
V  [jvm.dll+0x641cee]
V  [jvm.dll+0x63ff0e]
V  [jvm.dll+0x252940]
V  [jvm.dll+0x20318d]
V  [jvm.dll+0x1f8bb1]
V  [jvm.dll+0x55dc05]
V  [jvm.dll+0x76e993]
V  [jvm.dll+0x76ea74]
V  [jvm.dll+0x42d7b4]
V  [jvm.dll+0x4334bf]
C  [java.dll+0x17ec]

Java frames: (J=compiled Java code, j=interpreted, Vv=VM code)
J 1225  java.lang.ClassLoader.defineClass1(Ljava/lang/ClassLoader;Ljava/lang/String;[BIILjava/security/ProtectionDomain;Ljava/lang/String;)Ljava/lang/Class; java.base@18.0.2 (0 bytes) @ 0x0000024f9d41d863 [0x0000024f9d41d7a0+0x00000000000000c3]
J 1317 c1 java.lang.ClassLoader.defineClass(Ljava/lang/String;[BIILjava/security/ProtectionDomain;)Ljava/lang/Class; java.base@18.0.2 (43 bytes) @ 0x0000024f9d44505c [0x0000024f9d444f60+0x00000000000000fc]
J 1253 c1 jdk.internal.loader.BuiltinClassLoader.defineClass(Ljava/lang/String;Ljdk/internal/loader/Resource;)Ljava/lang/Class; java.base@18.0.2 (121 bytes) @ 0x0000024f9d42a2e4 [0x0000024f9d429e20+0x00000000000004c4]
J 1233 c1 jdk.internal.loader.BuiltinClassLoader.findClassOnClassPathOrNull(Ljava/lang/String;)Ljava/lang/Class; java.base@18.0.2 (64 bytes) @ 0x0000024f9d41fed4 [0x0000024f9d41fc40+0x0000000000000294]
J 1089 c1 jdk.internal.loader.BuiltinClassLoader.loadClassOrNull(Ljava/lang/String;Z)Ljava/lang/Class; java.base@18.0.2 (143 bytes) @ 0x0000024f9d3e258c [0x0000024f9d3e21e0+0x00000000000003ac]
J 1160 c1 jdk.internal.loader.ClassLoaders$AppClassLoader.loadClass(Ljava/lang/String;Z)Ljava/lang/Class; java.base@18.0.2 (40 bytes) @ 0x0000024f9d3fcefc [0x0000024f9d3fcec0+0x000000000000003c]
J 1147 c1 java.lang.ClassLoader.loadClass(Ljava/lang/String;)Ljava/lang/Class; java.base@18.0.2 (7 bytes) @ 0x0000024f9d3f91e4 [0x0000024f9d3f91a0+0x0000000000000044]
v  ~StubRoutines::call_stub
j  org.springframework.cglib.core.ReflectUtils.getClassInfo(Ljava/lang/Class;)Lorg/springframework/cglib/core/ClassInfo;+24
j  org.springframework.cglib.core.ReflectUtils$6.getClassInfo()Lorg/springframework/cglib/core/ClassInfo;+17
j  org.springframework.cglib.proxy.MethodInterceptorGenerator$1.transform(Ljava/lang/Object;)Ljava/lang/Object;+4
j  org.springframework.cglib.core.CollectionUtils.bucket(Ljava/util/Collection;Lorg/springframework/cglib/core/Transformer;)Ljava/util/Map;+35
j  org.springframework.cglib.proxy.MethodInterceptorGenerator.generateStatic(Lorg/springframework/cglib/core/CodeEmitter;Lorg/springframework/cglib/proxy/CallbackGenerator$Context;Ljava/util/List;)V+41
j  org.springframework.cglib.proxy.Enhancer.emitMethods(Lorg/springframework/cglib/core/ClassEmitter;Ljava/util/List;Ljava/util/List;)V+518
j  org.springframework.cglib.proxy.Enhancer.generateClass(Lorg/springframework/asm/ClassVisitor;)V+396
j  org.springframework.cglib.transform.TransformingClassGenerator.generateClass(Lorg/springframework/asm/ClassVisitor;)V+16
j  org.springframework.cglib.core.DefaultGeneratorStrategy.generate(Lorg/springframework/cglib/core/ClassGenerator;)[B+11
j  org.springframework.cglib.core.ClassLoaderAwareGeneratorStrategy.generate(Lorg/springframework/cglib/core/ClassGenerator;)[B+66
j  org.springframework.cglib.core.AbstractClassGenerator.generate(Lorg/springframework/cglib/core/AbstractClassGenerator$ClassLoaderData;)Ljava/lang/Class;+139
j  org.springframework.cglib.proxy.Enhancer.generate(Lorg/springframework/cglib/core/AbstractClassGenerator$ClassLoaderData;)Ljava/lang/Class;+53
j  org.springframework.cglib.core.AbstractClassGenerator$ClassLoaderData$3.apply(Lorg/springframework/cglib/core/AbstractClassGenerator;)Ljava/lang/Object;+5
j  org.springframework.cglib.core.AbstractClassGenerator$ClassLoaderData$3.apply(Ljava/lang/Object;)Ljava/lang/Object;+5
j  org.springframework.cglib.core.internal.LoadingCache$2.call()Ljava/lang/Object;+11
j  java.util.concurrent.FutureTask.run()V+39 java.base@18.0.2
j  org.springframework.cglib.core.internal.LoadingCache.createEntry(Ljava/lang/Object;Ljava/lang/Object;Ljava/lang/Object;)Ljava/lang/Object;+58
j  org.springframework.cglib.core.internal.LoadingCache.get(Ljava/lang/Object;)Ljava/lang/Object;+39
j  org.springframework.cglib.core.AbstractClassGenerator$ClassLoaderData.get(Lorg/springframework/cglib/core/AbstractClassGenerator;Z)Ljava/lang/Object;+15
j  org.springframework.cglib.core.AbstractClassGenerator.create(Ljava/lang/Object;)Ljava/lang/Object;+115
j  org.springframework.cglib.proxy.Enhancer.createHelper()Ljava/lang/Object;+86
j  org.springframework.cglib.proxy.Enhancer.createClass()Ljava/lang/Class;+6
j  org.springframework.context.annotation.ConfigurationClassEnhancer.createClass(Lorg/springframework/cglib/proxy/Enhancer;)Ljava/lang/Class;+1
j  org.springframework.context.annotation.ConfigurationClassEnhancer.enhance(Ljava/lang/Class;Ljava/lang/ClassLoader;)Ljava/lang/Class;+53
j  org.springframework.context.annotation.ConfigurationClassPostProcessor.enhanceConfigurationClasses(Lorg/springframework/beans/factory/config/ConfigurableListableBeanFactory;)V+461
j  org.springframework.context.annotation.ConfigurationClassPostProcessor.postProcessBeanFactory(Lorg/springframework/beans/factory/config/ConfigurableListableBeanFactory;)V+88
j  org.springframework.context.support.PostProcessorRegistrationDelegate.invokeBeanFactoryPostProcessors(Ljava/util/Collection;Lorg/springframework/beans/factory/config/ConfigurableListableBeanFactory;)V+61
j  org.springframework.context.support.PostProcessorRegistrationDelegate.invokeBeanFactoryPostProcessors(Lorg/springframework/beans/factory/config/ConfigurableListableBeanFactory;Ljava/util/List;)V+512
j  org.springframework.context.support.AbstractApplicationContext.invokeBeanFactoryPostProcessors(Lorg/springframework/beans/factory/config/ConfigurableListableBeanFactory;)V+5
j  org.springframework.context.support.AbstractApplicationContext.refresh()V+53
j  org.springframework.boot.web.servlet.context.ServletWebServerApplicationContext.refresh()V+1
j  org.springframework.boot.SpringApplication.refresh(Lorg/springframework/context/ConfigurableApplicationContext;)V+1
j  org.springframework.boot.SpringApplication.refreshContext(Lorg/springframework/context/ConfigurableApplicationContext;)V+16
j  org.springframework.boot.SpringApplication.run([Ljava/lang/String;)Lorg/springframework/context/ConfigurableApplicationContext;+111
j  org.springframework.boot.SpringApplication.run([Ljava/lang/Class;[Ljava/lang/String;)Lorg/springframework/context/ConfigurableApplicationContext;+9
j  org.springframework.boot.SpringApplication.run(Ljava/lang/Class;[Ljava/lang/String;)Lorg/springframework/context/ConfigurableApplicationContext;+9
j  com.example.forumproject.ForumProjectApplication.main([Ljava/lang/String;)V+3
v  ~StubRoutines::call_stub

---------------  P R O C E S S  ---------------

Threads class SMR info:
_java_thread_list=0x0000024fabcb0d40, length=15, elements={
0x0000024f95711060, 0x0000024fa6eb6880, 0x0000024fa6ebb4f0, 0x0000024fa6ed3e30,
0x0000024fa6ed5940, 0x0000024fa6ed62e0, 0x0000024fa6ed6c80, 0x0000024fa6ed7620,
0x0000024fa6f12bc0, 0x0000024fa6ea4520, 0x0000024fab4b6f90, 0x0000024fab4b9ae0,
0x0000024fab149f80, 0x0000024fab605e40, 0x0000024fab23bee0
}

Java Threads: ( => current thread )
=>0x0000024f95711060 JavaThread "main" [_thread_in_vm, id=12120, stack(0x000000b84af00000,0x000000b84b000000)]
  0x0000024fa6eb6880 JavaThread "Reference Handler" daemon [_thread_blocked, id=5388, stack(0x000000b84b600000,0x000000b84b700000)]
  0x0000024fa6ebb4f0 JavaThread "Finalizer" daemon [_thread_blocked, id=8988, stack(0x000000b84b700000,0x000000b84b800000)]
  0x0000024fa6ed3e30 JavaThread "Signal Dispatcher" daemon [_thread_blocked, id=9996, stack(0x000000b84b800000,0x000000b84b900000)]
  0x0000024fa6ed5940 JavaThread "Attach Listener" daemon [_thread_blocked, id=21576, stack(0x000000b84b900000,0x000000b84ba00000)]
  0x0000024fa6ed62e0 JavaThread "Service Thread" daemon [_thread_blocked, id=8040, stack(0x000000b84ba00000,0x000000b84bb00000)]
  0x0000024fa6ed6c80 JavaThread "Monitor Deflation Thread" daemon [_thread_blocked, id=9400, stack(0x000000b84bb00000,0x000000b84bc00000)]
  0x0000024fa6ed7620 JavaThread "C1 CompilerThread0" daemon [_thread_blocked, id=18928, stack(0x000000b84bc00000,0x000000b84bd00000)]
  0x0000024fa6f12bc0 JavaThread "Sweeper thread" daemon [_thread_blocked, id=3300, stack(0x000000b84bd00000,0x000000b84be00000)]
  0x0000024fa6ea4520 JavaThread "Common-Cleaner" daemon [_thread_blocked, id=11752, stack(0x000000b84be00000,0x000000b84bf00000)]
  0x0000024fab4b6f90 JavaThread "Monitor Ctrl-Break" daemon [_thread_in_native, id=10512, stack(0x000000b84c100000,0x000000b84c200000)]
  0x0000024fab4b9ae0 JavaThread "Notification Thread" daemon [_thread_blocked, id=4844, stack(0x000000b84c200000,0x000000b84c300000)]
  0x0000024fab149f80 JavaThread "C1 CompilerThread1" daemon [_thread_blocked, id=10164, stack(0x000000b84bf00000,0x000000b84c000000)]
  0x0000024fab605e40 JavaThread "RMI TCP Accept-0" daemon [_thread_in_native, id=12100, stack(0x000000b84c000000,0x000000b84c100000)]
  0x0000024fab23bee0 JavaThread "C1 CompilerThread2" daemon [_thread_blocked, id=15460, stack(0x000000b84c800000,0x000000b84c900000)]

Other Threads:
  0x0000024fa6eb40f0 VMThread "VM Thread" [stack: 0x000000b84b500000,0x000000b84b600000] [id=17580]
  0x0000024f95712020 WatcherThread "VM Periodic Task Thread" [stack: 0x000000b84c300000,0x000000b84c400000] [id=21832]
  0x0000024f9576f4e0 WorkerThread "GC Thread#0" [stack: 0x000000b84b000000,0x000000b84b100000] [id=16772]
  0x0000024fab68c470 WorkerThread "GC Thread#1" [stack: 0x000000b84c400000,0x000000b84c500000] [id=9868]
  0x0000024fab68c710 WorkerThread "GC Thread#2" [stack: 0x000000b84c500000,0x000000b84c600000] [id=22288]
  0x0000024fab697730 WorkerThread "GC Thread#3" [stack: 0x000000b84c600000,0x000000b84c700000] [id=8340]
  0x0000024f95780050 ConcurrentGCThread "G1 Main Marker" [stack: 0x000000b84b100000,0x000000b84b200000] [id=21376]
  0x0000024f95780a40 WorkerThread "G1 Conc#0" [stack: 0x000000b84b200000,0x000000b84b300000] [id=19864]
  0x0000024f957bfa70 ConcurrentGCThread "G1 Refine#0" [stack: 0x000000b84b300000,0x000000b84b400000] [id=22328]
  0x0000024fab68c9b0 ConcurrentGCThread "G1 Refine#1" [stack: 0x000000b84c700000,0x000000b84c800000] [id=1992]
  0x0000024f957c0380 ConcurrentGCThread "G1 Service" [stack: 0x000000b84b400000,0x000000b84b500000] [id=14912]

Threads with active compile tasks:

VM state: not at safepoint (normal execution)

VM Mutex/Monitor currently owned by a thread:  ([mutex/lock_event])
[0x0000024f9570a5d0] Metaspace_lock - owner thread: 0x0000024f95711060

Heap address: 0x0000000081e00000, size: 2018 MB, Compressed Oops mode: 32-bit

CDS archive(s) mapped at: [0x0000000800000000-0x0000000800ba0000-0x0000000800ba0000), size 12189696, SharedBaseAddress: 0x0000000800000000, ArchiveRelocationMode: 0.
Compressed class space mapped at: 0x0000000800c00000-0x0000000840c00000, reserved size: 1073741824
Narrow klass base: 0x0000000800000000, Narrow klass shift: 0, Narrow klass range: 0x100000000

GC Precious Log:
 CardTable entry size: 512
 Card Set container configuration: InlinePtr #cards 5 size 8 Array Of Cards #cards 12 size 40 Howl #buckets 4 coarsen threshold 1843 Howl Bitmap #cards 512 size 80 coarsen threshold 460 Card regions per heap region 1 cards per card region 2048
 CPUs: 4 total, 4 available
 Memory: 8070M
 Large Page Support: Disabled
 NUMA Support: Disabled
 Compressed Oops: Enabled (32-bit)
 Heap Region Size: 1M
 Heap Min Capacity: 8M
 Heap Initial Capacity: 128M
 Heap Max Capacity: 2018M
 Pre-touch: Disabled
 Parallel Workers: 4
 Concurrent Workers: 1
 Concurrent Refinement Workers: 4
 Periodic GC: Disabled

Heap:
 garbage-first heap   total 131072K, used 60778K [0x0000000081e00000, 0x0000000100000000)
  region size 1024K, 55 young (56320K), 3 survivors (3072K)
 Metaspace       used 19357K, committed 19712K, reserved 1114112K
  class space    used 2553K, committed 2752K, reserved 1048576K

Heap Regions: E=young(eden), S=young(survivor), O=old, HS=humongous(starts), HC=humongous(continues), CS=collection set, F=free, OA=open archive, CA=closed archive, TAMS=top-at-mark-start (previous, next)
|   0|0x0000000081e00000, 0x0000000081f00000, 0x0000000081f00000|100%|HS|  |TAMS 0x0000000081e00000, 0x0000000081e00000| Complete 
|   1|0x0000000081f00000, 0x0000000082000000, 0x0000000082000000|100%| O|  |TAMS 0x0000000081f00000, 0x0000000081f00000| Untracked 
|   2|0x0000000082000000, 0x0000000082100000, 0x0000000082100000|100%| O|  |TAMS 0x0000000082000000, 0x0000000082000000| Untracked 
|   3|0x0000000082100000, 0x0000000082200000, 0x0000000082200000|100%| O|  |TAMS 0x0000000082100000, 0x0000000082100000| Untracked 
|   4|0x0000000082200000, 0x0000000082300000, 0x0000000082300000|100%| O|  |TAMS 0x0000000082200000, 0x0000000082200000| Untracked 
|   5|0x0000000082300000, 0x0000000082400000, 0x0000000082400000|100%| O|  |TAMS 0x0000000082300000, 0x0000000082300000| Untracked 
|   6|0x0000000082400000, 0x00000000824ae600, 0x0000000082500000| 68%| O|  |TAMS 0x0000000082400000, 0x0000000082400000| Untracked 
|   7|0x0000000082500000, 0x0000000082500000, 0x0000000082600000|  0%| F|  |TAMS 0x0000000082500000, 0x0000000082500000| Untracked 
|   8|0x0000000082600000, 0x0000000082600000, 0x0000000082700000|  0%| F|  |TAMS 0x0000000082600000, 0x0000000082600000| Untracked 
|   9|0x0000000082700000, 0x0000000082700000, 0x0000000082800000|  0%| F|  |TAMS 0x0000000082700000, 0x0000000082700000| Untracked 
|  10|0x0000000082800000, 0x0000000082800000, 0x0000000082900000|  0%| F|  |TAMS 0x0000000082800000, 0x0000000082800000| Untracked 
|  11|0x0000000082900000, 0x0000000082900000, 0x0000000082a00000|  0%| F|  |TAMS 0x0000000082900000, 0x0000000082900000| Untracked 
|  12|0x0000000082a00000, 0x0000000082a00000, 0x0000000082b00000|  0%| F|  |TAMS 0x0000000082a00000, 0x0000000082a00000| Untracked 
|  13|0x0000000082b00000, 0x0000000082b00000, 0x0000000082c00000|  0%| F|  |TAMS 0x0000000082b00000, 0x0000000082b00000| Untracked 
|  14|0x0000000082c00000, 0x0000000082c00000, 0x0000000082d00000|  0%| F|  |TAMS 0x0000000082c00000, 0x0000000082c00000| Untracked 
|  15|0x0000000082d00000, 0x0000000082d00000, 0x0000000082e00000|  0%| F|  |TAMS 0x0000000082d00000, 0x0000000082d00000| Untracked 
|  16|0x0000000082e00000, 0x0000000082e00000, 0x0000000082f00000|  0%| F|  |TAMS 0x0000000082e00000, 0x0000000082e00000| Untracked 
|  17|0x0000000082f00000, 0x0000000082f00000, 0x0000000083000000|  0%| F|  |TAMS 0x0000000082f00000, 0x0000000082f00000| Untracked 
|  18|0x0000000083000000, 0x0000000083000000, 0x0000000083100000|  0%| F|  |TAMS 0x0000000083000000, 0x0000000083000000| Untracked 
|  19|0x0000000083100000, 0x0000000083100000, 0x0000000083200000|  0%| F|  |TAMS 0x0000000083100000, 0x0000000083100000| Untracked 
|  20|0x0000000083200000, 0x0000000083200000, 0x0000000083300000|  0%| F|  |TAMS 0x0000000083200000, 0x0000000083200000| Untracked 
|  21|0x0000000083300000, 0x0000000083300000, 0x0000000083400000|  0%| F|  |TAMS 0x0000000083300000, 0x0000000083300000| Untracked 
|  22|0x0000000083400000, 0x0000000083400000, 0x0000000083500000|  0%| F|  |TAMS 0x0000000083400000, 0x0000000083400000| Untracked 
|  23|0x0000000083500000, 0x0000000083500000, 0x0000000083600000|  0%| F|  |TAMS 0x0000000083500000, 0x0000000083500000| Untracked 
|  24|0x0000000083600000, 0x0000000083600000, 0x0000000083700000|  0%| F|  |TAMS 0x0000000083600000, 0x0000000083600000| Untracked 
|  25|0x0000000083700000, 0x0000000083700000, 0x0000000083800000|  0%| F|  |TAMS 0x0000000083700000, 0x0000000083700000| Untracked 
|  26|0x0000000083800000, 0x0000000083800000, 0x0000000083900000|  0%| F|  |TAMS 0x0000000083800000, 0x0000000083800000| Untracked 
|  27|0x0000000083900000, 0x0000000083900000, 0x0000000083a00000|  0%| F|  |TAMS 0x0000000083900000, 0x0000000083900000| Untracked 
|  28|0x0000000083a00000, 0x0000000083a00000, 0x0000000083b00000|  0%| F|  |TAMS 0x0000000083a00000, 0x0000000083a00000| Untracked 
|  29|0x0000000083b00000, 0x0000000083b00000, 0x0000000083c00000|  0%| F|  |TAMS 0x0000000083b00000, 0x0000000083b00000| Untracked 
|  30|0x0000000083c00000, 0x0000000083c00000, 0x0000000083d00000|  0%| F|  |TAMS 0x0000000083c00000, 0x0000000083c00000| Untracked 
|  31|0x0000000083d00000, 0x0000000083d00000, 0x0000000083e00000|  0%| F|  |TAMS 0x0000000083d00000, 0x0000000083d00000| Untracked 
|  32|0x0000000083e00000, 0x0000000083e00000, 0x0000000083f00000|  0%| F|  |TAMS 0x0000000083e00000, 0x0000000083e00000| Untracked 
|  33|0x0000000083f00000, 0x0000000083f00000, 0x0000000084000000|  0%| F|  |TAMS 0x0000000083f00000, 0x0000000083f00000| Untracked 
|  34|0x0000000084000000, 0x0000000084000000, 0x0000000084100000|  0%| F|  |TAMS 0x0000000084000000, 0x0000000084000000| Untracked 
|  35|0x0000000084100000, 0x0000000084100000, 0x0000000084200000|  0%| F|  |TAMS 0x0000000084100000, 0x0000000084100000| Untracked 
|  36|0x0000000084200000, 0x0000000084200000, 0x0000000084300000|  0%| F|  |TAMS 0x0000000084200000, 0x0000000084200000| Untracked 
|  37|0x0000000084300000, 0x0000000084300000, 0x0000000084400000|  0%| F|  |TAMS 0x0000000084300000, 0x0000000084300000| Untracked 
|  38|0x0000000084400000, 0x0000000084400000, 0x0000000084500000|  0%| F|  |TAMS 0x0000000084400000, 0x0000000084400000| Untracked 
|  39|0x0000000084500000, 0x0000000084500000, 0x0000000084600000|  0%| F|  |TAMS 0x0000000084500000, 0x0000000084500000| Untracked 
|  40|0x0000000084600000, 0x0000000084600000, 0x0000000084700000|  0%| F|  |TAMS 0x0000000084600000, 0x0000000084600000| Untracked 
|  41|0x0000000084700000, 0x0000000084700000, 0x0000000084800000|  0%| F|  |TAMS 0x0000000084700000, 0x0000000084700000| Untracked 
|  42|0x0000000084800000, 0x0000000084800000, 0x0000000084900000|  0%| F|  |TAMS 0x0000000084800000, 0x0000000084800000| Untracked 
|  43|0x0000000084900000, 0x0000000084900000, 0x0000000084a00000|  0%| F|  |TAMS 0x0000000084900000, 0x0000000084900000| Untracked 
|  44|0x0000000084a00000, 0x0000000084a00000, 0x0000000084b00000|  0%| F|  |TAMS 0x0000000084a00000, 0x0000000084a00000| Untracked 
|  45|0x0000000084b00000, 0x0000000084b00000, 0x0000000084c00000|  0%| F|  |TAMS 0x0000000084b00000, 0x0000000084b00000| Untracked 
|  46|0x0000000084c00000, 0x0000000084c00000, 0x0000000084d00000|  0%| F|  |TAMS 0x0000000084c00000, 0x0000000084c00000| Untracked 
|  47|0x0000000084d00000, 0x0000000084d00000, 0x0000000084e00000|  0%| F|  |TAMS 0x0000000084d00000, 0x0000000084d00000| Untracked 
|  48|0x0000000084e00000, 0x0000000084e00000, 0x0000000084f00000|  0%| F|  |TAMS 0x0000000084e00000, 0x0000000084e00000| Untracked 
|  49|0x0000000084f00000, 0x0000000084f00000, 0x0000000085000000|  0%| F|  |TAMS 0x0000000084f00000, 0x0000000084f00000| Untracked 
|  50|0x0000000085000000, 0x0000000085000000, 0x0000000085100000|  0%| F|  |TAMS 0x0000000085000000, 0x0000000085000000| Untracked 
|  51|0x0000000085100000, 0x0000000085100000, 0x0000000085200000|  0%| F|  |TAMS 0x0000000085100000, 0x0000000085100000| Untracked 
|  52|0x0000000085200000, 0x0000000085200000, 0x0000000085300000|  0%| F|  |TAMS 0x0000000085200000, 0x0000000085200000| Untracked 
|  53|0x0000000085300000, 0x0000000085300000, 0x0000000085400000|  0%| F|  |TAMS 0x0000000085300000, 0x0000000085300000| Untracked 
|  54|0x0000000085400000, 0x0000000085400000, 0x0000000085500000|  0%| F|  |TAMS 0x0000000085400000, 0x0000000085400000| Untracked 
|  55|0x0000000085500000, 0x0000000085500000, 0x0000000085600000|  0%| F|  |TAMS 0x0000000085500000, 0x0000000085500000| Untracked 
|  56|0x0000000085600000, 0x0000000085600000, 0x0000000085700000|  0%| F|  |TAMS 0x0000000085600000, 0x0000000085600000| Untracked 
|  57|0x0000000085700000, 0x0000000085700000, 0x0000000085800000|  0%| F|  |TAMS 0x0000000085700000, 0x0000000085700000| Untracked 
|  58|0x0000000085800000, 0x0000000085800000, 0x0000000085900000|  0%| F|  |TAMS 0x0000000085800000, 0x0000000085800000| Untracked 
|  59|0x0000000085900000, 0x0000000085900000, 0x0000000085a00000|  0%| F|  |TAMS 0x0000000085900000, 0x0000000085900000| Untracked 
|  60|0x0000000085a00000, 0x0000000085a00000, 0x0000000085b00000|  0%| F|  |TAMS 0x0000000085a00000, 0x0000000085a00000| Untracked 
|  61|0x0000000085b00000, 0x0000000085b00000, 0x0000000085c00000|  0%| F|  |TAMS 0x0000000085b00000, 0x0000000085b00000| Untracked 
|  62|0x0000000085c00000, 0x0000000085c00000, 0x0000000085d00000|  0%| F|  |TAMS 0x0000000085c00000, 0x0000000085c00000| Untracked 
|  63|0x0000000085d00000, 0x0000000085d00000, 0x0000000085e00000|  0%| F|  |TAMS 0x0000000085d00000, 0x0000000085d00000| Untracked 
|  64|0x0000000085e00000, 0x0000000085e00000, 0x0000000085f00000|  0%| F|  |TAMS 0x0000000085e00000, 0x0000000085e00000| Untracked 
|  65|0x0000000085f00000, 0x0000000085f00000, 0x0000000086000000|  0%| F|  |TAMS 0x0000000085f00000, 0x0000000085f00000| Untracked 
|  66|0x0000000086000000, 0x0000000086000000, 0x0000000086100000|  0%| F|  |TAMS 0x0000000086000000, 0x0000000086000000| Untracked 
|  67|0x0000000086100000, 0x0000000086100000, 0x0000000086200000|  0%| F|  |TAMS 0x0000000086100000, 0x0000000086100000| Untracked 
|  68|0x0000000086200000, 0x0000000086200000, 0x0000000086300000|  0%| F|  |TAMS 0x0000000086200000, 0x0000000086200000| Untracked 
|  69|0x0000000086300000, 0x0000000086300000, 0x0000000086400000|  0%| F|  |TAMS 0x0000000086300000, 0x0000000086300000| Untracked 
|  70|0x0000000086400000, 0x0000000086400000, 0x0000000086500000|  0%| F|  |TAMS 0x0000000086400000, 0x0000000086400000| Untracked 
|  71|0x0000000086500000, 0x0000000086500000, 0x0000000086600000|  0%| F|  |TAMS 0x0000000086500000, 0x0000000086500000| Untracked 
|  72|0x0000000086600000, 0x0000000086600000, 0x0000000086700000|  0%| F|  |TAMS 0x0000000086600000, 0x0000000086600000| Untracked 
|  73|0x0000000086700000, 0x00000000867b6120, 0x0000000086800000| 71%| E|  |TAMS 0x0000000086700000, 0x0000000086700000| Complete 
|  74|0x0000000086800000, 0x0000000086900000, 0x0000000086900000|100%| E|CS|TAMS 0x0000000086800000, 0x0000000086800000| Complete 
|  75|0x0000000086900000, 0x0000000086a00000, 0x0000000086a00000|100%| E|CS|TAMS 0x0000000086900000, 0x0000000086900000| Complete 
|  76|0x0000000086a00000, 0x0000000086b00000, 0x0000000086b00000|100%| E|CS|TAMS 0x0000000086a00000, 0x0000000086a00000| Complete 
|  77|0x0000000086b00000, 0x0000000086c00000, 0x0000000086c00000|100%| E|CS|TAMS 0x0000000086b00000, 0x0000000086b00000| Complete 
|  78|0x0000000086c00000, 0x0000000086d00000, 0x0000000086d00000|100%| E|CS|TAMS 0x0000000086c00000, 0x0000000086c00000| Complete 
|  79|0x0000000086d00000, 0x0000000086e00000, 0x0000000086e00000|100%| E|CS|TAMS 0x0000000086d00000, 0x0000000086d00000| Complete 
|  80|0x0000000086e00000, 0x0000000086f00000, 0x0000000086f00000|100%| E|CS|TAMS 0x0000000086e00000, 0x0000000086e00000| Complete 
|  81|0x0000000086f00000, 0x0000000087000000, 0x0000000087000000|100%| E|CS|TAMS 0x0000000086f00000, 0x0000000086f00000| Complete 
|  82|0x0000000087000000, 0x0000000087100000, 0x0000000087100000|100%| E|CS|TAMS 0x0000000087000000, 0x0000000087000000| Complete 
|  83|0x0000000087100000, 0x0000000087200000, 0x0000000087200000|100%| E|CS|TAMS 0x0000000087100000, 0x0000000087100000| Complete 
|  84|0x0000000087200000, 0x0000000087300000, 0x0000000087300000|100%| E|CS|TAMS 0x0000000087200000, 0x0000000087200000| Complete 
|  85|0x0000000087300000, 0x0000000087400000, 0x0000000087400000|100%| E|CS|TAMS 0x0000000087300000, 0x0000000087300000| Complete 
|  86|0x0000000087400000, 0x0000000087500000, 0x0000000087500000|100%| E|CS|TAMS 0x0000000087400000, 0x0000000087400000| Complete 
|  87|0x0000000087500000, 0x0000000087600000, 0x0000000087600000|100%| E|CS|TAMS 0x0000000087500000, 0x0000000087500000| Complete 
|  88|0x0000000087600000, 0x0000000087700000, 0x0000000087700000|100%| E|CS|TAMS 0x0000000087600000, 0x0000000087600000| Complete 
|  89|0x0000000087700000, 0x0000000087800000, 0x0000000087800000|100%| E|CS|TAMS 0x0000000087700000, 0x0000000087700000| Complete 
|  90|0x0000000087800000, 0x0000000087900000, 0x0000000087900000|100%| E|CS|TAMS 0x0000000087800000, 0x0000000087800000| Complete 
|  91|0x0000000087900000, 0x0000000087a00000, 0x0000000087a00000|100%| E|CS|TAMS 0x0000000087900000, 0x0000000087900000| Complete 
|  92|0x0000000087a00000, 0x0000000087b00000, 0x0000000087b00000|100%| E|CS|TAMS 0x0000000087a00000, 0x0000000087a00000| Complete 
|  93|0x0000000087b00000, 0x0000000087c00000, 0x0000000087c00000|100%| E|CS|TAMS 0x0000000087b00000, 0x0000000087b00000| Complete 
|  94|0x0000000087c00000, 0x0000000087d00000, 0x0000000087d00000|100%| E|CS|TAMS 0x0000000087c00000, 0x0000000087c00000| Complete 
|  95|0x0000000087d00000, 0x0000000087e00000, 0x0000000087e00000|100%| E|CS|TAMS 0x0000000087d00000, 0x0000000087d00000| Complete 
|  96|0x0000000087e00000, 0x0000000087f00000, 0x0000000087f00000|100%| E|CS|TAMS 0x0000000087e00000, 0x0000000087e00000| Complete 
|  97|0x0000000087f00000, 0x0000000088000000, 0x0000000088000000|100%| E|CS|TAMS 0x0000000087f00000, 0x0000000087f00000| Complete 
|  98|0x0000000088000000, 0x0000000088100000, 0x0000000088100000|100%| E|CS|TAMS 0x0000000088000000, 0x0000000088000000| Complete 
|  99|0x0000000088100000, 0x0000000088200000, 0x0000000088200000|100%| E|CS|TAMS 0x0000000088100000, 0x0000000088100000| Complete 
| 100|0x0000000088200000, 0x0000000088300000, 0x0000000088300000|100%| E|CS|TAMS 0x0000000088200000, 0x0000000088200000| Complete 
| 101|0x0000000088300000, 0x0000000088400000, 0x0000000088400000|100%| E|CS|TAMS 0x0000000088300000, 0x0000000088300000| Complete 
| 102|0x0000000088400000, 0x00000000884ac2b0, 0x0000000088500000| 67%| S|CS|TAMS 0x0000000088400000, 0x0000000088400000| Complete 
| 103|0x0000000088500000, 0x0000000088600000, 0x0000000088600000|100%| S|CS|TAMS 0x0000000088500000, 0x0000000088500000| Complete 
| 104|0x0000000088600000, 0x0000000088700000, 0x0000000088700000|100%| S|CS|TAMS 0x0000000088600000, 0x0000000088600000| Complete 
| 105|0x0000000088700000, 0x0000000088800000, 0x0000000088800000|100%| E|CS|TAMS 0x0000000088700000, 0x0000000088700000| Complete 
| 106|0x0000000088800000, 0x0000000088900000, 0x0000000088900000|100%| E|CS|TAMS 0x0000000088800000, 0x0000000088800000| Complete 
| 107|0x0000000088900000, 0x0000000088a00000, 0x0000000088a00000|100%| E|CS|TAMS 0x0000000088900000, 0x0000000088900000| Complete 
| 108|0x0000000088a00000, 0x0000000088b00000, 0x0000000088b00000|100%| E|CS|TAMS 0x0000000088a00000, 0x0000000088a00000| Complete 
| 109|0x0000000088b00000, 0x0000000088c00000, 0x0000000088c00000|100%| E|CS|TAMS 0x0000000088b00000, 0x0000000088b00000| Complete 
| 110|0x0000000088c00000, 0x0000000088d00000, 0x0000000088d00000|100%| E|CS|TAMS 0x0000000088c00000, 0x0000000088c00000| Complete 
| 111|0x0000000088d00000, 0x0000000088e00000, 0x0000000088e00000|100%| E|CS|TAMS 0x0000000088d00000, 0x0000000088d00000| Complete 
| 112|0x0000000088e00000, 0x0000000088f00000, 0x0000000088f00000|100%| E|CS|TAMS 0x0000000088e00000, 0x0000000088e00000| Complete 
| 113|0x0000000088f00000, 0x0000000089000000, 0x0000000089000000|100%| E|CS|TAMS 0x0000000088f00000, 0x0000000088f00000| Complete 
| 114|0x0000000089000000, 0x0000000089100000, 0x0000000089100000|100%| E|CS|TAMS 0x0000000089000000, 0x0000000089000000| Complete 
| 115|0x0000000089100000, 0x0000000089200000, 0x0000000089200000|100%| E|CS|TAMS 0x0000000089100000, 0x0000000089100000| Complete 
| 116|0x0000000089200000, 0x0000000089300000, 0x0000000089300000|100%| E|CS|TAMS 0x0000000089200000, 0x0000000089200000| Complete 
| 117|0x0000000089300000, 0x0000000089400000, 0x0000000089400000|100%| E|CS|TAMS 0x0000000089300000, 0x0000000089300000| Complete 
| 118|0x0000000089400000, 0x0000000089500000, 0x0000000089500000|100%| E|CS|TAMS 0x0000000089400000, 0x0000000089400000| Complete 
| 119|0x0000000089500000, 0x0000000089600000, 0x0000000089600000|100%| E|CS|TAMS 0x0000000089500000, 0x0000000089500000| Complete 
| 120|0x0000000089600000, 0x0000000089700000, 0x0000000089700000|100%| E|CS|TAMS 0x0000000089600000, 0x0000000089600000| Complete 
| 121|0x0000000089700000, 0x0000000089800000, 0x0000000089800000|100%| E|CS|TAMS 0x0000000089700000, 0x0000000089700000| Complete 
| 122|0x0000000089800000, 0x0000000089900000, 0x0000000089900000|100%| E|CS|TAMS 0x0000000089800000, 0x0000000089800000| Complete 
| 123|0x0000000089900000, 0x0000000089a00000, 0x0000000089a00000|100%| E|CS|TAMS 0x0000000089900000, 0x0000000089900000| Complete 
| 124|0x0000000089a00000, 0x0000000089b00000, 0x0000000089b00000|100%| E|CS|TAMS 0x0000000089a00000, 0x0000000089a00000| Complete 
| 125|0x0000000089b00000, 0x0000000089c00000, 0x0000000089c00000|100%| E|CS|TAMS 0x0000000089b00000, 0x0000000089b00000| Complete 
| 126|0x0000000089c00000, 0x0000000089d00000, 0x0000000089d00000|100%| E|  |TAMS 0x0000000089c00000, 0x0000000089c00000| Complete 
| 127|0x0000000089d00000, 0x0000000089e00000, 0x0000000089e00000|100%| E|CS|TAMS 0x0000000089d00000, 0x0000000089d00000| Complete 

Card table byte_map: [0x0000024fa0440000,0x0000024fa0840000] _byte_map_base: 0x0000024fa0031000

Marking Bits (Prev, Next): (CMBitMap*) 0x0000024f9576fae0, (CMBitMap*) 0x0000024f9576fb20
 Prev Bits: [0x0000024fa0c40000, 0x0000024fa2bc8000)
 Next Bits: [0x0000024fa2bd0000, 0x0000024fa4b58000)

Polling page: 0x0000024f94ed0000

Metaspace:

Usage:
  Non-class:     16.41 MB used.
      Class:      2.49 MB used.
       Both:     18.90 MB used.

Virtual space:
  Non-class space:       64.00 MB reserved,      16.56 MB ( 26%) committed,  1 nodes.
      Class space:        1.00 GB reserved,       2.69 MB ( <1%) committed,  1 nodes.
             Both:        1.06 GB reserved,      19.25 MB (  2%) committed. 

Chunk freelists:
   Non-Class:  2.55 MB
       Class:  1.30 MB
        Both:  3.84 MB

MaxMetaspaceSize: unlimited
CompressedClassSpaceSize: 1.00 GB
Initial GC threshold: 21.00 MB
Current GC threshold: 21.00 MB
CDS: on
MetaspaceReclaimPolicy: balanced
 - commit_granule_bytes: 65536.
 - commit_granule_words: 8192.
 - virtual_space_node_default_size: 8388608.
 - enlarge_chunks_in_place: 1.
 - new_chunks_are_fully_committed: 0.
 - uncommit_free_chunks: 1.
 - use_allocation_guard: 0.


Internal statistics:

num_allocs_failed_limit: 0.
num_arena_births: 306.
num_arena_deaths: 0.
num_vsnodes_births: 2.
num_vsnodes_deaths: 0.
num_space_committed: 308.
num_space_uncommitted: 0.
num_chunks_returned_to_freelist: 0.
num_chunks_taken_from_freelist: 913.
num_chunk_merges: 0.
num_chunk_splits: 632.
num_chunks_enlarged: 486.
num_inconsistent_stats: 0.

CodeCache: size=49152Kb used=5768Kb max_used=5768Kb free=43383Kb
 bounds [0x0000024f9d040000, 0x0000024f9d5f0000, 0x0000024fa0040000]
 total_blobs=2836 nmethods=2352 adapters=410
 compilation: disabled (not enough contiguous free space left)
              stopped_count=1, restarted_count=0
 full_count=1

Compilation events (20 events):
Event: 16.666 Thread 0x0000024fab23bee0 2337       1       org.springframework.beans.factory.BeanFactoryUtils::transformedBeanName (35 bytes)
Event: 16.667 Thread 0x0000024fa6ed7620 nmethod 2335 0x0000024f9d5dc310 code [0x0000024f9d5dc4a0, 0x0000024f9d5dc608]
Event: 16.667 Thread 0x0000024fab23bee0 nmethod 2337 0x0000024f9d5dc710 code [0x0000024f9d5dc8e0, 0x0000024f9d5dcae8]
Event: 16.667 Thread 0x0000024fab23bee0 2338   !   1       org.springframework.beans.factory.support.DefaultSingletonBeanRegistry::getSingleton (147 bytes)
Event: 16.667 Thread 0x0000024fab149f80 nmethod 2336 0x0000024f9d5dcc10 code [0x0000024f9d5dcde0, 0x0000024f9d5dd098]
Event: 16.667 Thread 0x0000024fab149f80 2339       1       org.springframework.core.io.ClassPathResource::<init> (51 bytes)
Event: 16.667 Thread 0x0000024fab23bee0 nmethod 2338 0x0000024f9d5dd290 code [0x0000024f9d5dd4a0, 0x0000024f9d5dd908]
Event: 16.668 Thread 0x0000024fab149f80 nmethod 2339 0x0000024f9d5ddc10 code [0x0000024f9d5ddde0, 0x0000024f9d5de0c8]
Event: 16.668 Thread 0x0000024fa6ed7620 2340       1       org.springframework.beans.factory.support.RootBeanDefinition::getDecoratedDefinition (5 bytes)
Event: 16.669 Thread 0x0000024fab23bee0 2341       1       org.springframework.beans.factory.BeanFactoryUtils::isFactoryDereference (19 bytes)
Event: 16.669 Thread 0x0000024fa6ed7620 nmethod 2340 0x0000024f9d5de290 code [0x0000024f9d5de420, 0x0000024f9d5de4f8]
Event: 16.669 Thread 0x0000024fab23bee0 nmethod 2341 0x0000024f9d5de590 code [0x0000024f9d5de720, 0x0000024f9d5de828]
Event: 16.670 Thread 0x0000024fa6ed7620 2342       1       java.util.concurrent.atomic.AtomicInteger::set (6 bytes)
Event: 16.670 Thread 0x0000024fa6ed7620 nmethod 2342 0x0000024f9d5de910 code [0x0000024f9d5deaa0, 0x0000024f9d5deb78]
Event: 16.670 Thread 0x0000024fa6ed7620 2343       1       java.lang.invoke.DirectMethodHandle$Interface::checkReceiver (52 bytes)
Event: 16.670 Thread 0x0000024fab149f80 2344       1       org.springframework.beans.factory.support.DefaultSingletonBeanRegistry::containsSingleton (11 bytes)
Event: 16.670 Thread 0x0000024fab149f80 nmethod 2344 0x0000024f9d5dec10 code [0x0000024f9d5deda0, 0x0000024f9d5dee88]
Event: 16.671 Thread 0x0000024fa6ed7620 nmethod 2343 0x0000024f9d5def10 code [0x0000024f9d5df140, 0x0000024f9d5df898]
Event: 16.673 Thread 0x0000024fa6ed7620 2345       1       org.springframework.core.annotation.MergedAnnotationsCollection$AnnotationsSpliterator::createMergedAnnotationIfPossible (54 bytes)
Event: 16.674 Thread 0x0000024fa6ed7620 


GC Heap History (6 events):
Event: 9.761 GC heap before
{Heap before GC invocations=0 (full 0):
 garbage-first heap   total 131072K, used 13312K [0x0000000081e00000, 0x0000000100000000)
  region size 1024K, 13 young (13312K), 0 survivors (0K)
 Metaspace       used 5083K, committed 5248K, reserved 1114112K
  class space    used 578K, committed 640K, reserved 1048576K
}
Event: 9.770 GC heap after
{Heap after GC invocations=1 (full 0):
 garbage-first heap   total 131072K, used 6681K [0x0000000081e00000, 0x0000000100000000)
  region size 1024K, 2 young (2048K), 2 survivors (2048K)
 Metaspace       used 5083K, committed 5248K, reserved 1114112K
  class space    used 578K, committed 640K, reserved 1048576K
}
Event: 11.193 GC heap before
{Heap before GC invocations=1 (full 0):
 garbage-first heap   total 131072K, used 13849K [0x0000000081e00000, 0x0000000100000000)
  region size 1024K, 9 young (9216K), 2 survivors (2048K)
 Metaspace       used 6894K, committed 7104K, reserved 1114112K
  class space    used 816K, committed 896K, reserved 1048576K
}
Event: 11.200 GC heap after
{Heap after GC invocations=2 (full 0):
 garbage-first heap   total 131072K, used 8048K [0x0000000081e00000, 0x0000000100000000)
  region size 1024K, 2 young (2048K), 2 survivors (2048K)
 Metaspace       used 6894K, committed 7104K, reserved 1114112K
  class space    used 816K, committed 896K, reserved 1048576K
}
Event: 14.055 GC heap before
{Heap before GC invocations=2 (full 0):
 garbage-first heap   total 131072K, used 29552K [0x0000000081e00000, 0x0000000100000000)
  region size 1024K, 23 young (23552K), 2 survivors (2048K)
 Metaspace       used 12003K, committed 12288K, reserved 1114112K
  class space    used 1535K, committed 1664K, reserved 1048576K
}
Event: 14.062 GC heap after
{Heap after GC invocations=3 (full 0):
 garbage-first heap   total 131072K, used 9578K [0x0000000081e00000, 0x0000000100000000)
  region size 1024K, 3 young (3072K), 3 survivors (3072K)
 Metaspace       used 12003K, committed 12288K, reserved 1114112K
  class space    used 1535K, committed 1664K, reserved 1048576K
}

Deoptimization events (4 events):
Event: 14.042 Thread 0x0000024f95711060 DEOPT PACKING pc=0x0000024f9d521099 sp=0x000000b84affd3f0
Event: 14.042 Thread 0x0000024f95711060 DEOPT UNPACKING pc=0x0000024f9d092b24 sp=0x000000b84affc8d0 mode 3
Event: 18.964 Thread 0x0000024f95711060 DEOPT PACKING pc=0x0000024f9d569d24 sp=0x000000b84affd800
Event: 18.964 Thread 0x0000024f95711060 DEOPT UNPACKING pc=0x0000024f9d092b24 sp=0x000000b84affcd58 mode 0

Classes loaded (20 events):
Event: 19.119 Loading class java/util/stream/IntPipeline$1$1
Event: 19.120 Loading class java/util/stream/IntPipeline$1$1 done
Event: 19.240 Loading class java/util/stream/Streams$ConcatSpliterator$OfRef
Event: 19.265 Loading class java/util/stream/Streams$ConcatSpliterator
Event: 19.266 Loading class java/util/stream/Streams$ConcatSpliterator done
Event: 19.266 Loading class java/util/stream/Streams$ConcatSpliterator$OfRef done
Event: 19.266 Loading class java/util/stream/Streams$2
Event: 19.266 Loading class java/util/stream/Streams$2 done
Event: 19.305 Loading class java/util/stream/ReferencePipeline$15
Event: 19.474 Loading class java/util/stream/ReferencePipeline$15 done
Event: 19.476 Loading class java/util/stream/ReferencePipeline$15$1
Event: 19.529 Loading class java/util/stream/ReferencePipeline$15$1 done
Event: 20.081 Loading class java/util/concurrent/FutureTask
Event: 20.230 Loading class java/util/concurrent/FutureTask done
Event: 20.230 Loading class java/util/concurrent/FutureTask$WaitNode
Event: 20.231 Loading class java/util/concurrent/FutureTask$WaitNode done
Event: 20.433 Loading class java/lang/ClassFormatError
Event: 20.433 Loading class java/lang/ClassFormatError done
Event: 20.603 Loading class java/util/DualPivotQuicksort
Event: 20.620 Loading class java/util/DualPivotQuicksort done

Classes unloaded (0 events):
No events

Classes redefined (0 events):
No events

Internal exceptions (20 events):
Event: 14.662 Thread 0x0000024f95711060 Exception <a 'java/lang/ClassNotFoundException'{0x0000000089642e90}: org/springframework/context/annotation/ConfigurationClassPostProcessorCustomizer> (0x0000000089642e90) 
thrown [s\open\src\hotspot\share\classfile\systemDictionary.cpp, line 255]
Event: 14.667 Thread 0x0000024f95711060 Exception <a 'java/lang/ClassNotFoundException'{0x0000000089666958}: org/springframework/beans/factory/support/BeanDefinitionRegistryPostProcessorCustomizer> (0x0000000089666958) 
thrown [s\open\src\hotspot\share\classfile\systemDictionary.cpp, line 255]
Event: 14.667 Thread 0x0000024f95711060 Exception <a 'java/lang/ClassNotFoundException'{0x000000008966ab78}: org/springframework/beans/factory/config/BeanFactoryPostProcessorCustomizer> (0x000000008966ab78) 
thrown [s\open\src\hotspot\share\classfile\systemDictionary.cpp, line 255]
Event: 14.668 Thread 0x0000024f95711060 Exception <a 'java/lang/ClassNotFoundException'{0x000000008966ec60}: org/springframework/core/PriorityOrderedCustomizer> (0x000000008966ec60) 
thrown [s\open\src\hotspot\share\classfile\systemDictionary.cpp, line 255]
Event: 14.669 Thread 0x0000024f95711060 Exception <a 'java/lang/ClassNotFoundException'{0x00000000896719e8}: org/springframework/core/OrderedCustomizer> (0x00000000896719e8) 
thrown [s\open\src\hotspot\share\classfile\systemDictionary.cpp, line 255]
Event: 14.670 Thread 0x0000024f95711060 Exception <a 'java/lang/ClassNotFoundException'{0x0000000089675908}: org/springframework/context/ResourceLoaderAwareCustomizer> (0x0000000089675908) 
thrown [s\open\src\hotspot\share\classfile\systemDictionary.cpp, line 255]
Event: 14.670 Thread 0x0000024f95711060 Exception <a 'java/lang/ClassNotFoundException'{0x00000000896799c0}: org/springframework/beans/factory/AwareCustomizer> (0x00000000896799c0) 
thrown [s\open\src\hotspot\share\classfile\systemDictionary.cpp, line 255]
Event: 14.670 Thread 0x0000024f95711060 Exception <a 'java/lang/ClassNotFoundException'{0x000000008967ca10}: org/springframework/context/ApplicationStartupAwareCustomizer> (0x000000008967ca10) 
thrown [s\open\src\hotspot\share\classfile\systemDictionary.cpp, line 255]
Event: 14.671 Thread 0x0000024f95711060 Exception <a 'java/lang/ClassNotFoundException'{0x0000000089680d50}: org/springframework/beans/factory/AwareCustomizer> (0x0000000089680d50) 
thrown [s\open\src\hotspot\share\classfile\systemDictionary.cpp, line 255]
Event: 14.671 Thread 0x0000024f95711060 Exception <a 'java/lang/ClassNotFoundException'{0x0000000089683db8}: org/springframework/beans/factory/BeanClassLoaderAwareCustomizer> (0x0000000089683db8) 
thrown [s\open\src\hotspot\share\classfile\systemDictionary.cpp, line 255]
Event: 14.672 Thread 0x0000024f95711060 Exception <a 'java/lang/ClassNotFoundException'{0x0000000089687e58}: org/springframework/beans/factory/AwareCustomizer> (0x0000000089687e58) 
thrown [s\open\src\hotspot\share\classfile\systemDictionary.cpp, line 255]
Event: 14.672 Thread 0x0000024f95711060 Exception <a 'java/lang/ClassNotFoundException'{0x000000008968aca0}: org/springframework/context/EnvironmentAwareCustomizer> (0x000000008968aca0) 
thrown [s\open\src\hotspot\share\classfile\systemDictionary.cpp, line 255]
Event: 14.673 Thread 0x0000024f95711060 Exception <a 'java/lang/ClassNotFoundException'{0x000000008968ecd8}: org/springframework/beans/factory/AwareCustomizer> (0x000000008968ecd8) 
thrown [s\open\src\hotspot\share\classfile\systemDictionary.cpp, line 255]
Event: 16.350 Thread 0x0000024f95711060 Exception <a 'java/lang/IncompatibleClassChangeError'{0x0000000088cc8010}: Found class java.lang.Object, but interface was expected> (0x0000000088cc8010) 
thrown [s\open\src\hotspot\share\interpreter\linkResolver.cpp, line 826]
Event: 16.407 Thread 0x0000024f95711060 Exception <a 'java/lang/NoSuchMethodError'{0x0000000088a15340}: 'void java.lang.invoke.DirectMethodHandle$Holder.invokeInterface(java.lang.Object, java.lang.Object, java.lang.Object, java.lang.Object)'> (0x0000000088a15340) 
thrown [s\open\src\hotspot\share\interpreter\linkResolver.cpp, line 759]
Event: 16.746 Thread 0x0000024f95711060 Exception <a 'java/lang/NoSuchMethodError'{0x0000000088750c38}: 'java.lang.reflect.Method[] java.lang.Class.getDeclaredMethods(java.lang.Class)'> (0x0000000088750c38) 
thrown [s\open\src\hotspot\share\interpreter\linkResolver.cpp, line 759]
Event: 16.747 Thread 0x0000024f95711060 Exception <a 'java/lang/NoSuchMethodError'{0x00000000887555c8}: 'java.lang.Object java.lang.invoke.DirectMethodHandle$Holder.invokeStatic(java.lang.Object, java.lang.Object, int)'> (0x00000000887555c8) 
thrown [s\open\src\hotspot\share\interpreter\linkResolver.cpp, line 759]
Event: 16.749 Thread 0x0000024f95711060 Exception <a 'java/lang/NoSuchMethodError'{0x0000000088761008}: 'void java.lang.invoke.DelegatingMethodHandle$Holder.delegate(java.lang.Object, java.lang.Object, int, java.lang.Object)'> (0x0000000088761008) 
thrown [s\open\src\hotspot\share\interpreter\linkResolver.cpp, line 759]
Event: 16.768 Thread 0x0000024f95711060 Exception <a 'java/lang/NoSuchMethodError'{0x000000008878bda8}: 'java.lang.reflect.Field[] java.lang.Class.getDeclaredFields(java.lang.Class)'> (0x000000008878bda8) 
thrown [s\open\src\hotspot\share\interpreter\linkResolver.cpp, line 759]
Event: 19.082 Thread 0x0000024f95711060 Exception <a 'java/lang/NoSuchMethodError'{0x0000000086f16288}: 'java.lang.Object java.lang.invoke.DirectMethodHandle$Holder.invokeStatic(java.lang.Object, java.lang.Object, java.lang.Object, java.lang.Object, int)'> (0x0000000086f16288) 
thrown [s\open\src\hotspot\share\interpreter\linkResolver.cpp, line 759]

VM Operations (20 events):
Event: 14.055 Executing VM operation: G1CollectForAllocation
Event: 14.062 Executing VM operation: G1CollectForAllocation done
Event: 14.477 Executing VM operation: HandshakeAllThreads
Event: 14.477 Executing VM operation: HandshakeAllThreads done
Event: 14.698 Executing VM operation: HandshakeAllThreads
Event: 14.698 Executing VM operation: HandshakeAllThreads done
Event: 15.700 Executing VM operation: Cleanup
Event: 15.700 Executing VM operation: Cleanup done
Event: 16.702 Executing VM operation: Cleanup
Event: 16.702 Executing VM operation: Cleanup done
Event: 17.716 Executing VM operation: Cleanup
Event: 17.717 Executing VM operation: Cleanup done
Event: 18.717 Executing VM operation: Cleanup
Event: 18.717 Executing VM operation: Cleanup done
Event: 18.964 Executing VM operation: HandshakeAllThreads
Event: 18.964 Executing VM operation: HandshakeAllThreads done
Event: 19.964 Executing VM operation: Cleanup
Event: 19.964 Executing VM operation: Cleanup done
Event: 20.234 Executing VM operation: HandshakeAllThreads
Event: 20.234 Executing VM operation: HandshakeAllThreads done

Events (20 events):
Event: 0.844 Loaded shared library C:\Program Files\Java\jdk-18.0.2\bin\zip.dll
Event: 0.995 Loaded shared library C:\Program Files\Java\jdk-18.0.2\bin\instrument.dll
Event: 1.007 Loaded shared library C:\Program Files\Java\jdk-18.0.2\bin\net.dll
Event: 1.010 Loaded shared library C:\Program Files\Java\jdk-18.0.2\bin\nio.dll
Event: 1.015 Loaded shared library C:\Program Files\Java\jdk-18.0.2\bin\zip.dll
Event: 1.541 Loaded shared library C:\Program Files\JetBrains\IntelliJ IDEA 2022.1\bin\breakgen64.dll
Event: 1.543 Thread 0x0000024fab4b6f90 Thread added: 0x0000024fab4b6f90
Event: 1.543 Thread 0x0000024fab4b9ae0 Thread added: 0x0000024fab4b9ae0
Event: 1.961 Loaded shared library C:\Program Files\Java\jdk-18.0.2\bin\jimage.dll
Event: 2.635 Loaded shared library C:\Program Files\Java\jdk-18.0.2\bin\management.dll
Event: 3.505 Loaded shared library C:\Program Files\Java\jdk-18.0.2\bin\management_ext.dll
Event: 3.568 Thread 0x0000024fab149f80 Thread exited: 0x0000024fab149f80
Event: 3.568 Thread 0x0000024fab1427b0 Thread exited: 0x0000024fab1427b0
Event: 3.919 Thread 0x0000024fab149f80 Thread added: 0x0000024fab149f80
Event: 7.986 Thread 0x0000024fab605e40 Thread added: 0x0000024fab605e40
Event: 10.301 Thread 0x0000024fab23bee0 Thread added: 0x0000024fab23bee0
Event: 13.341 Thread 0x0000024fabb1b9d0 Thread added: 0x0000024fabb1b9d0
Event: 14.396 Thread 0x0000024fabb1b9d0 Thread exited: 0x0000024fabb1b9d0
Event: 15.799 Thread 0x0000024fab95f7d0 Thread added: 0x0000024fab95f7d0
Event: 16.334 Thread 0x0000024fab95f7d0 Thread exited: 0x0000024fab95f7d0


Dynamic libraries:
0x00007ff7d2a50000 - 0x00007ff7d2a60000 	C:\Program Files\Java\jdk-18.0.2\bin\java.exe
0x00007ffca4bb0000 - 0x00007ffca4da8000 	C:\Windows\SYSTEM32\ntdll.dll
0x00007ffca2c10000 - 0x00007ffca2ccd000 	C:\Windows\System32\KERNEL32.DLL
0x00007ffca2470000 - 0x00007ffca273e000 	C:\Windows\System32\KERNELBASE.dll
0x00007ffca2740000 - 0x00007ffca2840000 	C:\Windows\System32\ucrtbase.dll
0x00007ffc79b30000 - 0x00007ffc79b48000 	C:\Program Files\Java\jdk-18.0.2\bin\jli.dll
0x00007ffc7a1e0000 - 0x00007ffc7a1fa000 	C:\Program Files\Java\jdk-18.0.2\bin\VCRUNTIME140.dll
0x00007ffca3760000 - 0x00007ffca380e000 	C:\Windows\System32\ADVAPI32.dll
0x00007ffca39a0000 - 0x00007ffca3a3e000 	C:\Windows\System32\msvcrt.dll
0x00007ffca48a0000 - 0x00007ffca493c000 	C:\Windows\System32\sechost.dll
0x00007ffca3870000 - 0x00007ffca3995000 	C:\Windows\System32\RPCRT4.dll
0x00007ffca2fd0000 - 0x00007ffca3170000 	C:\Windows\System32\USER32.dll
0x00007ffca28e0000 - 0x00007ffca2902000 	C:\Windows\System32\win32u.dll
0x00007ffca3660000 - 0x00007ffca368a000 	C:\Windows\System32\GDI32.dll
0x00007ffca2360000 - 0x00007ffca246b000 	C:\Windows\System32\gdi32full.dll
0x00007ffca2840000 - 0x00007ffca28dd000 	C:\Windows\System32\msvcp_win.dll
0x00007ffc82090000 - 0x00007ffc8232a000 	C:\Windows\WinSxS\amd64_microsoft.windows.common-controls_6595b64144ccf1df_6.0.19041.1110_none_60b5254171f9507e\COMCTL32.dll
0x00007ffc99940000 - 0x00007ffc9994a000 	C:\Windows\SYSTEM32\VERSION.dll
0x00007ffca2e70000 - 0x00007ffca2ea0000 	C:\Windows\System32\IMM32.DLL
0x00007ffc8cd80000 - 0x00007ffc8cd8c000 	C:\Program Files\Java\jdk-18.0.2\bin\vcruntime140_1.dll
0x00007ffc6fe00000 - 0x00007ffc6fe8d000 	C:\Program Files\Java\jdk-18.0.2\bin\msvcp140.dll
0x00007ffc53eb0000 - 0x00007ffc54ac1000 	C:\Program Files\Java\jdk-18.0.2\bin\server\jvm.dll
0x00007ffca46e0000 - 0x00007ffca46e8000 	C:\Windows\System32\PSAPI.DLL
0x00007ffc85170000 - 0x00007ffc85179000 	C:\Windows\SYSTEM32\WSOCK32.dll
0x00007ffc886a0000 - 0x00007ffc886c7000 	C:\Windows\SYSTEM32\WINMM.dll
0x00007ffca35f0000 - 0x00007ffca365b000 	C:\Windows\System32\WS2_32.dll
0x00007ffca01c0000 - 0x00007ffca01d2000 	C:\Windows\SYSTEM32\kernel.appcore.dll
0x00007ffc8ca90000 - 0x00007ffc8ca9a000 	C:\Program Files\Java\jdk-18.0.2\bin\jimage.dll
0x00007ffc87d60000 - 0x00007ffc87f44000 	C:\Windows\SYSTEM32\DBGHELP.DLL
0x00007ffc84400000 - 0x00007ffc8442c000 	C:\Windows\SYSTEM32\dbgcore.DLL
0x00007ffca22d0000 - 0x00007ffca2352000 	C:\Windows\System32\bcryptPrimitives.dll
0x00007ffc9d5e0000 - 0x00007ffc9d5ee000 	C:\Program Files\Java\jdk-18.0.2\bin\instrument.dll
0x00007ffc764c0000 - 0x00007ffc764e5000 	C:\Program Files\Java\jdk-18.0.2\bin\java.dll
0x00007ffc6cb80000 - 0x00007ffc6cc56000 	C:\Program Files\Java\jdk-18.0.2\bin\jsvml.dll
0x00007ffca3b20000 - 0x00007ffca4263000 	C:\Windows\System32\SHELL32.dll
0x00007ffca03c0000 - 0x00007ffca0b55000 	C:\Windows\SYSTEM32\windows.storage.dll
0x00007ffca3220000 - 0x00007ffca3574000 	C:\Windows\System32\combase.dll
0x00007ffca1d30000 - 0x00007ffca1d60000 	C:\Windows\SYSTEM32\Wldp.dll
0x00007ffca2cd0000 - 0x00007ffca2d7d000 	C:\Windows\System32\SHCORE.dll
0x00007ffca2de0000 - 0x00007ffca2e35000 	C:\Windows\System32\shlwapi.dll
0x00007ffca2210000 - 0x00007ffca222f000 	C:\Windows\SYSTEM32\profapi.dll
0x00007ffc73140000 - 0x00007ffc73158000 	C:\Program Files\Java\jdk-18.0.2\bin\zip.dll
0x00007ffc79b10000 - 0x00007ffc79b23000 	C:\Program Files\Java\jdk-18.0.2\bin\net.dll
0x00007ffc927c0000 - 0x00007ffc928ca000 	C:\Windows\SYSTEM32\WINHTTP.dll
0x00007ffca1a90000 - 0x00007ffca1afa000 	C:\Windows\system32\mswsock.dll
0x00007ffc764a0000 - 0x00007ffc764b6000 	C:\Program Files\Java\jdk-18.0.2\bin\nio.dll
0x00007ffc9d5c0000 - 0x00007ffc9d5da000 	C:\Program Files\JetBrains\IntelliJ IDEA 2022.1\bin\breakgen64.dll
0x00007ffca1770000 - 0x00007ffca183a000 	C:\Windows\SYSTEM32\DNSAPI.dll
0x00007ffca1730000 - 0x00007ffca176b000 	C:\Windows\SYSTEM32\IPHLPAPI.DLL
0x00007ffca2e40000 - 0x00007ffca2e48000 	C:\Windows\System32\NSI.dll
0x0000000063560000 - 0x0000000063569000 	C:\Program Files\National Instruments\Shared\mDNS Responder\nimdnsNSP.dll
0x0000000063550000 - 0x000000006355e000 	C:\Windows\SYSTEM32\nimdnsResponder.dll
0x0000000068a60000 - 0x0000000068b03000 	C:\Windows\WinSxS\amd64_microsoft.vc90.crt_1fc8b3b9a1e18e3b_9.0.30729.9625_none_08e1c10da83fbc83\MSVCR90.dll
0x00007ffc9b280000 - 0x00007ffc9b28a000 	C:\Windows\System32\rasadhlp.dll
0x00007ffc92600000 - 0x00007ffc92680000 	C:\Windows\System32\fwpuclnt.dll
0x00007ffca2be0000 - 0x00007ffca2c07000 	C:\Windows\System32\bcrypt.dll
0x00007ffc9d5b0000 - 0x00007ffc9d5b9000 	C:\Program Files\Java\jdk-18.0.2\bin\management.dll
0x00007ffc9d5a0000 - 0x00007ffc9d5ab000 	C:\Program Files\Java\jdk-18.0.2\bin\management_ext.dll
0x00007ffca1c80000 - 0x00007ffca1c98000 	C:\Windows\SYSTEM32\CRYPTSP.dll
0x00007ffca13a0000 - 0x00007ffca13d4000 	C:\Windows\system32\rsaenh.dll
0x00007ffca2190000 - 0x00007ffca21be000 	C:\Windows\SYSTEM32\USERENV.dll
0x00007ffca1ca0000 - 0x00007ffca1cac000 	C:\Windows\SYSTEM32\CRYPTBASE.dll
0x00007ffc96de0000 - 0x00007ffc96df7000 	C:\Windows\SYSTEM32\dhcpcsvc6.DLL
0x00007ffc96dc0000 - 0x00007ffc96ddd000 	C:\Windows\SYSTEM32\dhcpcsvc.DLL
0x00007ffc8ab60000 - 0x00007ffc8ab77000 	C:\Windows\system32\napinsp.dll
0x00007ffc89be0000 - 0x00007ffc89bfb000 	C:\Windows\system32\pnrpnsp.dll
0x00007ffc9d380000 - 0x00007ffc9d395000 	C:\Windows\system32\wshbth.dll
0x00007ffc9d3b0000 - 0x00007ffc9d3cd000 	C:\Windows\system32\NLAapi.dll
0x00007ffc89bc0000 - 0x00007ffc89bd2000 	C:\Windows\System32\winrnr.dll

dbghelp: loaded successfully - version: 4.0.5 - missing functions: none
symbol engine: initialized successfully - sym options: 0x614 - pdb path: .;C:\Program Files\Java\jdk-18.0.2\bin;C:\Windows\SYSTEM32;C:\Windows\WinSxS\amd64_microsoft.windows.common-controls_6595b64144ccf1df_6.0.19041.1110_none_60b5254171f9507e;C:\Program Files\Java\jdk-18.0.2\bin\server;C:\Program Files\JetBrains\IntelliJ IDEA 2022.1\bin;C:\Program Files\National Instruments\Shared\mDNS Responder;C:\Windows\WinSxS\amd64_microsoft.vc90.crt_1fc8b3b9a1e18e3b_9.0.30729.9625_none_08e1c10da83fbc83

VM Arguments:
jvm_args: -XX:TieredStopAtLevel=1 -Xverify:none -Dspring.output.ansi.enabled=always -Dcom.sun.management.jmxremote -Dspring.jmx.enabled=true -Dspring.liveBeansView.mbeanDomain -Dspring.application.admin.enabled=true -javaagent:C:\Program Files\JetBrains\IntelliJ IDEA 2022.1\lib\idea_rt.jar=4164:C:\Program Files\JetBrains\IntelliJ IDEA 2022.1\bin -Dfile.encoding=UTF-8 
java_command: com.example.forumproject.ForumProjectApplication
java_class_path (initial): C:\Users\rishk\IdeaProjects\ForumProject\target\classes;C:\Users\rishk\.m2\repository\org\springframework\boot\spring-boot-starter-data-jpa\2.5.9\spring-boot-starter-data-jpa-2.5.9.jar;C:\Users\rishk\.m2\repository\org\springframework\boot\spring-boot-starter-aop\2.5.9\spring-boot-starter-aop-2.5.9.jar;C:\Users\rishk\.m2\repository\org\aspectj\aspectjweaver\1.9.7\aspectjweaver-1.9.7.jar;C:\Users\rishk\.m2\repository\org\springframework\boot\spring-boot-starter-jdbc\2.5.9\spring-boot-starter-jdbc-2.5.9.jar;C:\Users\rishk\.m2\repository\com\zaxxer\HikariCP\4.0.3\HikariCP-4.0.3.jar;C:\Users\rishk\.m2\repository\org\springframework\spring-jdbc\5.3.15\spring-jdbc-5.3.15.jar;C:\Users\rishk\.m2\repository\jakarta\transaction\jakarta.transaction-api\1.3.3\jakarta.transaction-api-1.3.3.jar;C:\Users\rishk\.m2\repository\jakarta\persistence\jakarta.persistence-api\2.2.3\jakarta.persistence-api-2.2.3.jar;C:\Users\rishk\.m2\repository\org\hibernate\hibernate-core\5.4.33\hibernate-core-5.4.33.jar;C:\Users\rishk\.m2\repository\org\jboss\logging\jboss-logging\3.4.3.Final\jboss-logging-3.4.3.Final.jar;C:\Users\rishk\.m2\repository\org\javassist\javassist\3.27.0-GA\javassist-3.27.0-GA.jar;C:\Users\rishk\.m2\repository\net\bytebuddy\byte-buddy\1.10.22\byte-buddy-1.10.22.jar;C:\Users\rishk\.m2\repository\antlr\antlr\2.7.7\antlr-2.7.7.jar;C:\Users\rishk\.m2\repository\org\jboss\jandex\2.2.3.Final\jandex-2.2.3.Final.jar;C:\Users\rishk\.m2\repository\com\fasterxml\classmate\1.5.1\classmate-1.5.1.jar;C:\Users\rishk\.m2\repository\org\dom4j\dom4j\2.1.3\dom4j-2.1.3.jar;C:\Users\rishk\.m2\repository\org\hibernate\common\hibernate-commons-annotations\5.1.2.Final\hibernate-commons-annotations-5.1.2.Final.jar;C:\Users\rishk\.m2\repository\org\glassfish\jaxb\jaxb-runtime\2.3.5\jaxb-runtime-2.3.5.jar;C:\Users\rishk\.m2\repository\org\glassfish\jaxb\txw2\2.3.5\txw2-2.3.5.jar;C:\Users\rishk\.m2\repository\com\sun\istack\istack-commons-runtime\3.0.12\istack-commons-runtime-3.0.12.jar;C:\Users\rishk\.m2\repository\com\sun\activation\jakarta.activation\1.2.2\jakarta.activation-1.2.2.jar;C:\Users\rishk\.m2\repository\org\springframework\data\spring-data-jpa\2.5.8\spring-data-jpa-2.5.8.jar;C:\Users\rishk\.m2\repository\org\springframework\data\spring-data-commons\2.5.8\spring-data-commons-2.5.8.jar;C:\Users\rishk\.m2\repository\org\springframework\spring-orm\5.3.15\spring-orm-5.3.15.jar;C:\Users\rishk\.m2\repository\org\springframework\spring-tx\5.3.15\spring-tx-5.3.15.jar;C:\Users\rishk\.m2\repository\org\slf4j\slf4j-api\1.7.33\slf4j-api-1.7.33.jar;C:\Users\rishk\.m2\repository\org\springframework\spring-aspects\5.3.15\spring-aspects-5.3.15.jar;C:\Users\rishk\.m2\repository\org\springframework\boot\spring-boot-starter-web\2.5.9\spring-boot-starter-web-2.5.9.jar;C:\Users\rishk\.m2\repository\org\springframework\boot\spring-boot-starter\2.5.9\spring-boot-starter-2.5.9.jar;C:\Users\rishk\.m2\repository\org\springframework\boot\spring-boot\2.5.9\spring-boot-2.5.9.jar;C:\Users\rishk\.m2\repository\org\springframework\boot\spring-boot-autoconfigure\2.5.9\spring-boot-autoconfigure-2.5.9.jar;C:\Users\rishk\.m2\repository\org\springframework\boot\spring-boot-starter-logging\2.5.9\spring-boot-starter-logging-2.5.9.jar;C:\Users\rishk\.m2\repository\ch\qos\logback\logback-classic\1.2.10\logback-classic-1.2.10.jar;C:\Users\rishk\.m2\repository\ch\qos\logback\logback-core\1.2.10\logback-core-1.2.10.jar;C:\Users\rishk\.m2\repository\org\apache\logging\log4j\log4j-to-slf4j\2.17.1\log4j-to-slf4j-2.17.1.jar;C:\Users\rishk\.m2\repository\org\apache\logging\log4j\log4j-api\2.17.1\log4j-api-2.17.1.jar;C:\Users\rishk\.m2\repository\org\slf4j\jul-to-slf4j\1.7.33\jul-to-slf4j-1.7.33.jar;C:\Users\rishk\.m2\repository\org\yaml\snakeyaml\1.28\snakeyaml-1.28.jar;C:\Users\rishk\.m2\repository\org\springframework\boot\spring-boot-starter-json\2.5.9\spring-boot-starter-json-2.5.9.jar;C:\Users\rishk\.m2\repository\com\fasterxml\jackson\core\jackson-databind\2.12.6\jackson-databind-2.12.6.jar;C:\Users\rishk\.m2\repository\com\fasterxml\jackson\core\jackson-annotations\2.12.6\jackson-annotations-2.12.6.jar;C:\Users\rishk\.m2\repository\com\fasterxml\jackson\core\jackson-core\2.12.6\jackson-core-2.12.6.jar;C:\Users\rishk\.m2\repository\com\fasterxml\jackson\datatype\jackson-datatype-jdk8\2.12.6\jackson-datatype-jdk8-2.12.6.jar;C:\Users\rishk\.m2\repository\com\fasterxml\jackson\datatype\jackson-datatype-jsr310\2.12.6\jackson-datatype-jsr310-2.12.6.jar;C:\Users\rishk\.m2\repository\com\fasterxml\jackson\module\jackson-module-parameter-names\2.12.6\jackson-module-parameter-names-2.12.6.jar;C:\Users\rishk\.m2\repository\org\springframework\spring-web\5.3.15\spring-web-5.3.15.jar;C:\Users\rishk\.m2\repository\org\springframework\spring-webmvc\5.3.15\spring-webmvc-5.3.15.jar;C:\Users\rishk\.m2\repository\org\springframework\boot\spring-boot-starter-websocket\2.5.9\spring-boot-starter-websocket-2.5.9.jar;C:\Users\rishk\.m2\repository\org\springframework\spring-messaging\5.3.15\spring-messaging-5.3.15.jar;C:\Users\rishk\.m2\repository\org\springframework\spring-websocket\5.3.15\spring-websocket-5.3.15.jar;C:\Users\rishk\.m2\repository\mysql\mysql-connector-java\8.0.28\mysql-connector-java-8.0.28.jar;C:\Users\rishk\.m2\repository\org\springframework\boot\spring-boot-starter-tomcat\2.5.9\spring-boot-starter-tomcat-2.5.9.jar;C:\Users\rishk\.m2\repository\jakarta\annotation\jakarta.annotation-api\1.3.5\jakarta.annotation-api-1.3.5.jar;C:\Users\rishk\.m2\repository\org\apache\tomcat\embed\tomcat-embed-core\9.0.56\tomcat-embed-core-9.0.56.jar;C:\Users\rishk\.m2\repository\org\apache\tomcat\embed\tomcat-embed-el\9.0.56\tomcat-embed-el-9.0.56.jar;C:\Users\rishk\.m2\repository\org\apache\tomcat\embed\tomcat-embed-websocket\9.0.56\tomcat-embed-websocket-9.0.56.jar;C:\Users\rishk\.m2\repository\jakarta\xml\bind\jakarta.xml.bind-api\2.3.3\jakarta.xml.bind-api-2.3.3.jar;C:\Users\rishk\.m2\repository\jakarta\activation\jakarta.activation-api\1.2.2\jakarta.activation-api-1.2.2.jar;C:\Users\rishk\.m2\repository\org\springframework\spring-core\5.3.15\spring-core-5.3.15.jar;C:\Users\rishk\.m2\repository\org\springframework\spring-jcl\5.3.15\spring-jcl-5.3.15.jar;C:\Users\rishk\.m2\repository\org\springframework\security\spring-security-core\5.5.8\spring-security-core-5.5.8.jar;C:\Users\rishk\.m2\repository\org\springframework\security\spring-security-crypto\5.5.4\spring-security-crypto-5.5.4.jar;C:\Users\rishk\.m2\repository\org\springframework\spring-aop\5.3.15\spring-aop-5.3.15.jar;C:\Users\rishk\.m2\repository\org\springframework\spring-beans\5.3.15\spring-beans-5.3.15.jar;C:\Users\rishk\.m2\repository\org\springframework\spring-context\5.3.15\spring-context-5.3.15.jar;C:\Users\rishk\.m2\repository\org\springframework\spring-expression\5.3.15\spring-expression-5.3.15.jar;C:\Users\rishk\.m2\repository\org\springframework\security\spring-security-web\5.5.8\spring-security-web-5.5.8.jar;C:\Users\rishk\.m2\repository\org\springframework\security\spring-security-config\5.5.8\spring-security-config-5.5.8.jar
Launcher Type: SUN_STANDARD

[Global flags]
     intx CICompilerCount                          = 3                                         {product} {ergonomic}
     uint ConcGCThreads                            = 1                                         {product} {ergonomic}
     uint G1ConcRefinementThreads                  = 4                                         {product} {ergonomic}
   size_t G1HeapRegionSize                         = 1048576                                   {product} {ergonomic}
    uintx GCDrainStackTargetSize                   = 64                                        {product} {ergonomic}
   size_t InitialHeapSize                          = 134217728                                 {product} {ergonomic}
     bool ManagementServer                         = true                                      {product} {command line}
   size_t MarkStackSize                            = 4194304                                   {product} {ergonomic}
   size_t MaxHeapSize                              = 2116026368                                {product} {ergonomic}
   size_t MaxNewSize                               = 1268776960                                {product} {ergonomic}
   size_t MinHeapDeltaBytes                        = 1048576                                   {product} {ergonomic}
   size_t MinHeapSize                              = 8388608                                   {product} {ergonomic}
    uintx NonProfiledCodeHeapSize                  = 0                                      {pd product} {ergonomic}
     bool ProfileInterpreter                       = false                                  {pd product} {command line}
    uintx ProfiledCodeHeapSize                     = 0                                      {pd product} {ergonomic}
   size_t SoftMaxHeapSize                          = 2116026368                             {manageable} {ergonomic}
     intx TieredStopAtLevel                        = 1                                         {product} {command line}
     bool UseCompressedClassPointers               = true                           {product lp64_product} {ergonomic}
     bool UseCompressedOops                        = true                           {product lp64_product} {ergonomic}
     bool UseG1GC                                  = true                                      {product} {ergonomic}
     bool UseLargePagesIndividualAllocation        = false                                  {pd product} {ergonomic}

Logging:
Log output configuration:
 #0: stdout all=warning uptime,level,tags foldmultilines=false
 #1: stderr all=off uptime,level,tags foldmultilines=false

Environment Variables:
JAVA_HOME=C:\Program Files\Java\jdk-18.0.2
PATH=C:\Program Files (x86)\Windows Resource Kits\Tools\;C:\ProgramData\Oracle\Java\javapath;C:\Users\rishk\gcc\bin;C:\Users\rishk\gcc\libexec\gcc\x86_64-w64-mingw32\10.2.0;C:\Windows\system32;C:\Windows;C:\Windows\System32\Wbem;C:\Windows\System32\WindowsPowerShell\v1.0\;C:\Windows\System32\OpenSSH\;C:\Program Files\dotnet\;C:\Program Files\Microsoft SQL Server\130\Tools\Binn\;C:\Program Files\Microsoft SQL Server\Client SDK\ODBC\170\Tools\Binn\;C:\Program Files\Git\cmd;C:\Program Files\nodejs\;C:\Program Files\MySQL\MySQL Shell 8.0\bin\;C:\Users\rishk\.pyenv\pyenv-win\bin;C:\Users\rishk\.pyenv\pyenv-win\shims;C:\Users\rishk\AppData\Local\Programs\Python\Python39\Scripts\;C:\Users\rishk\AppData\Local\Programs\Python\Python39\;C:\Users\rishk\AppData\Local\Programs\mongosh\;C:\Users\rishk\AppData\Roaming\npm;C:\Program Files\maven\apache-maven-3.8.6\bin;C:\Program Files\JetBrains\WebStorm 2022.2.1\bin;;C:\Users\rishk\AppData\Local\Pandoc\;C:\Users\rishk\AppData\Local\Programs\MiKTeX\miktex\bin\x64\
USERNAME=Andrii
OS=Windows_NT
PROCESSOR_IDENTIFIER=Intel64 Family 6 Model 142 Stepping 10, GenuineIntel



---------------  S Y S T E M  ---------------

OS:
 Windows 10 , 64 bit Build 19041 (10.0.19041.1889)
OS uptime: 14 days 9:37 hours

CPU: total 4 (initial active 4) (2 cores per cpu, 2 threads per core) family 6 model 142 stepping 10 microcode 0xb4, cx8, cmov, fxsr, ht, mmx, 3dnowpref, sse, sse2, sse3, ssse3, sse4.1, sse4.2, popcnt, lzcnt, tsc, tscinvbit, aes, erms, clmul, clflush, clflushopt

Memory: 4k page, system-wide physical 8070M (599M free)
TotalPageFile size 32646M (AvailPageFile size 0M)
current process WorkingSet (physical memory assigned to process): 128M, peak: 128M
current process commit charge ("private bytes"): 231M, peak: 231M

vm_info: Java HotSpot(TM) 64-Bit Server VM (18.0.2+9-61) for windows-amd64 JRE (18.0.2+9-61), built on Jun  7 2022 13:09:01 by "mach5one" with MS VC++ 16.8 / 16.9 (VS2019)

END.
